
    
<-<-<================================================================================>->->
    File generated by leekslazylogger v2.0.6 by eartharoid (http://leeks.js.org/logger)
    DiscordTickets | Log File
    Sunday, 18th October 2020, 12:26 pm (America/Sao_Paulo) -->
    Node: v12.13.1 on 'Windows' | Time format: 'HH:mm:ss' | Date format: 'YYYY-MM-DD'
<-<-<================================================================================>->->


[12:26:28 | INFO] Using SQLite storage
[12:26:29 | INFO] > Loaded debug event
[12:26:29 | INFO] > Loaded error event
[12:26:29 | INFO] > Loaded message event
[12:26:29 | INFO] > Loaded messageDelete event
[12:26:29 | INFO] > Loaded messageReactionAdd event
[12:26:29 | INFO] > Loaded messageUpdate event
[12:26:29 | INFO] > Loaded rateLimit event
[12:26:29 | INFO] > Loaded ready event
[12:26:29 | INFO] > Loaded warn event
[12:26:29 | INFO] > Loaded -add command
[12:26:29 | INFO] > Loaded -close command
[12:26:29 | INFO] > Loaded -delete command
[12:26:29 | INFO] > Loaded -help command
[12:26:29 | INFO] > Loaded -new command
[12:26:29 | INFO] > Loaded -panel command
[12:26:29 | INFO] > Loaded -remove command
[12:26:29 | INFO] > Loaded -rename command
[12:26:29 | INFO] > Loaded -stats command
[12:26:30 | INFO] > Loaded -tickets command
[12:26:30 | INFO] > Loaded -topic command
[12:26:30 | INFO] > Loaded -transcript command
[12:26:30 | INFO] > Loaded -transfer command
[12:26:30 | INFO] Loaded 9 events and 13 commands
[12:26:30 | INFO] Authenticated as Baimless BOT#0494
[12:26:30 | INFO] 'ADMINISTRATOR' permission has been granted
[12:26:48 | INFO] Weedz#0420 created a new ticket (#ticket-6) via panel
[12:27:59 | INFO] SrArthur#1337 used the 'close' command
[12:28:01 | INFO] SrArthur#1337 closed a ticket (#ticket-5)
[12:28:01 | WARN] An error was not caught
[12:28:01 | WARN] Uncaught DiscordAPIError: Cannot send messages to this user
[12:28:01 | ERROR] DiscordAPIError: Cannot send messages to this user
    at RequestHandler.execute (C:\Users\Arthur\Desktop\DiscordTickets-master\node_modules\discord.js\src\rest\RequestHandler.js:170:25)
    at processTicksAndRejections (internal/process/task_queues.js:93:5)
[12:28:09 | INFO] SrArthur#1337 used the 'close' command
[12:28:11 | INFO] SrArthur#1337 closed a ticket (#ticket-3)
[12:28:28 | INFO] SrArthur#1337 used the 'close' command
[12:28:30 | INFO] SrArthur#1337 closed a ticket (#ticket-6)
