
    
<-<-<================================================================================>->->
    File generated by leekslazylogger v2.0.6 by eartharoid (http://leeks.js.org/logger)
    DiscordTickets | Log File
    Saturday, 17th October 2020, 17:37 pm (America/Sao_Paulo) -->
    Node: v12.13.1 on 'Windows' | Time format: 'HH:mm:ss' | Date format: 'YYYY-MM-DD'
<-<-<================================================================================>->->


[17:37:53 | INFO] Using SQLite storage
[17:37:53 | INFO] > Loaded debug event
[17:37:53 | INFO] > Loaded error event
[17:37:53 | INFO] > Loaded message event
[17:37:53 | INFO] > Loaded messageDelete event
[17:37:53 | INFO] > Loaded messageReactionAdd event
[17:37:53 | INFO] > Loaded messageUpdate event
[17:37:53 | INFO] > Loaded rateLimit event
[17:37:53 | INFO] > Loaded ready event
[17:37:53 | INFO] > Loaded warn event
[17:37:53 | INFO] > Loaded -add command
[17:37:53 | INFO] > Loaded -close command
[17:37:53 | INFO] > Loaded -delete command
[17:37:53 | INFO] > Loaded -help command
[17:37:53 | INFO] > Loaded -new command
[17:37:53 | INFO] > Loaded -panel command
[17:37:53 | INFO] > Loaded -remove command
[17:37:53 | INFO] > Loaded -rename command
[17:37:53 | INFO] > Loaded -stats command
[17:37:53 | INFO] > Loaded -tickets command
[17:37:53 | INFO] > Loaded -topic command
[17:37:53 | INFO] > Loaded -transcript command
[17:37:53 | INFO] > Loaded -transfer command
[17:37:53 | INFO] Loaded 9 events and 13 commands
[17:37:53 | WARN] An error was not caught
[17:37:53 | WARN] Uncaught Error [TOKEN_INVALID]: An invalid token was provided.
[17:37:53 | ERROR] Error [TOKEN_INVALID]: An invalid token was provided.
    at Client.login (C:\Users\Arthur\Desktop\DiscordTickets-master\node_modules\discord.js\src\client\Client.js:205:52)
    at Object.<anonymous> (C:\Users\Arthur\Desktop\DiscordTickets-master\src\index.js:172:8)
    at Module._compile (internal/modules/cjs/loader.js:959:30)
    at Object.Module._extensions..js (internal/modules/cjs/loader.js:995:10)
    at Module.load (internal/modules/cjs/loader.js:815:32)
    at Function.Module._load (internal/modules/cjs/loader.js:727:14)
    at Function.Module.runMain (internal/modules/cjs/loader.js:1047:10)
    at internal/main/run_main_module.js:17:11

    
<-<-<================================================================================>->->
    File generated by leekslazylogger v2.0.6 by eartharoid (http://leeks.js.org/logger)
    DiscordTickets | Log File
    Saturday, 17th October 2020, 17:39 pm (America/Sao_Paulo) -->
    Node: v12.13.1 on 'Windows' | Time format: 'HH:mm:ss' | Date format: 'YYYY-MM-DD'
<-<-<================================================================================>->->


[17:39:08 | INFO] Using SQLite storage
[17:39:09 | INFO] > Loaded debug event
[17:39:09 | INFO] > Loaded error event
[17:39:09 | INFO] > Loaded message event
[17:39:09 | INFO] > Loaded messageDelete event
[17:39:09 | INFO] > Loaded messageReactionAdd event
[17:39:09 | INFO] > Loaded messageUpdate event
[17:39:09 | INFO] > Loaded rateLimit event
[17:39:09 | INFO] > Loaded ready event
[17:39:09 | INFO] > Loaded warn event
[17:39:09 | INFO] > Loaded -add command
[17:39:09 | INFO] > Loaded -close command
[17:39:09 | INFO] > Loaded -delete command
[17:39:09 | INFO] > Loaded -help command
[17:39:09 | INFO] > Loaded -new command
[17:39:09 | INFO] > Loaded -panel command
[17:39:09 | INFO] > Loaded -remove command
[17:39:09 | INFO] > Loaded -rename command
[17:39:09 | INFO] > Loaded -stats command
[17:39:09 | INFO] > Loaded -tickets command
[17:39:09 | INFO] > Loaded -topic command
[17:39:09 | INFO] > Loaded -transcript command
[17:39:09 | INFO] > Loaded -transfer command
[17:39:09 | INFO] Loaded 9 events and 13 commands
[17:39:09 | INFO] Authenticated as Baimless BOT#0494
[17:39:09 | INFO] 'ADMINISTRATOR' permission has been granted
[17:39:14 | INFO] SrArthur#1337 used the 'panel' command
[17:39:14 | INFO] SrArthur#1337 created a panel widget
[17:39:18 | INFO] SrArthur#1337 created a new ticket (#ticket-1) via panel
[17:43:20 | INFO] SrArthur#1337 created a new ticket (#ticket-2) via panel
[17:44:08 | INFO] SrArthur#1337 used the 'close' command
[17:44:11 | INFO] SrArthur#1337 closed a ticket (#ticket-1)
[17:44:17 | INFO] SrArthur#1337 used the 'close' command
[17:44:19 | INFO] SrArthur#1337 closed a ticket (#ticket-2)
[17:46:48 | INFO] S t a n#0001 created a new ticket (#ticket-3) via panel
[17:51:05 | INFO] Pitcoin#0802 created a new ticket (#ticket-4) via panel
[17:51:59 | INFO] Pitcoin#0802 used the 'close' command
[17:52:03 | INFO] Pitcoin#0802 closed a ticket (#ticket-4)
[17:54:17 | INFO] Deivid#7777 created a new ticket (#ticket-5) via panel
[17:56:23 | INFO] SrArthur#1337 used the 'help' command
[17:56:42 | INFO] SrArthur#1337 used the 'help' command
[17:56:56 | INFO] SrArthur#1337 used the 'topic' command
[17:57:11 | INFO] SrArthur#1337 used the 'topic' command
